<?xml version="1.0" encoding="UTF-8"?>
<!-- Generated by org.testng.reporters.JUnitXMLReporter -->
<testsuite ignored="0" hostname="Dream" failures="1" tests="3" name="Command line test" time="1.783" errors="0" timestamp="2023-02-11T13:06:47 MST">
  <testcase classname="test.GetApiTest" name="getTest" time="1.044"/>
  <testcase classname="test.GetApiTest" name="getApiTestWithHeader" time="0.266"/>
  <testcase classname="test.PostApiTest" name="postApiTest" time="0.362">
    <failure type="java.lang.AssertionError" message="expected [null] but found [400]">
      <![CDATA[java.lang.AssertionError: expected [null] but found [400]
at test.PostApiTest.postApiTest(PostApiTest.java:73)
at java.base/java.util.ArrayList.forEach(ArrayList.java:1541)
... Removed 42 stack frames]]>
    </failure>
  </testcase> <!-- postApiTest -->
</testsuite> <!-- Command line test -->
