<?xml version="1.0" encoding="UTF-8" ?>
<testsuite tests="3" failures="1" name="TestSuite" time="1.684" errors="0" skipped="0">
  <properties>
[...]
</properties>
  <testcase classname="test.GetApiTest" name="getTest" time="1.047"/>
  <testcase classname="test.GetApiTest" name="getApiTestWithHeader" time="0.267"/>
  <testcase classname="test.PostApiTest" name="postApiTest" time="0.37">
    <failure message="expected [null] but found [400]" type="java.lang.AssertionError">java.lang.AssertionError: expected [null] but found [400]
	at org.testng.Assert.fail(Assert.java:110)
	at org.testng.Assert.failNotEquals(Assert.java:1577)
	at org.testng.Assert.assertEqualsImpl(Assert.java:149)
	at org.testng.Assert.assertEquals(Assert.java:131)
	at org.testng.Assert.assertEquals(Assert.java:643)
	at test.PostApiTest.postApiTest(PostApiTest.java:73)
</failure>
    <system-out>=======https://reqres.in/api/users
{&quot;name&quot;:&quot;morpheus&quot;,&quot;job&quot;:&quot;leader&quot;,&quot;id&quot;:null,&quot;createdAt&quot;:null}===========
</system-out>
  </testcase>
</testsuite>