<?xml version="1.0" encoding="UTF-8"?>
<testng-results ignored="0" total="1" passed="1" failed="0" skipped="0">
  <reporter-output>
  </reporter-output>
  <suite started-at="2023-02-11T13:15:03 MST" name="Default suite" finished-at="2023-02-11T13:15:05 MST" duration-ms="1278">
    <groups>
    </groups>
    <test started-at="2023-02-11T13:15:03 MST" name="Default test" finished-at="2023-02-11T13:15:05 MST" duration-ms="1278">
      <class name="test.PostApiTest">
        <test-method is-config="true" signature="setUp()[pri:0, instance:test.PostApiTest@2e6a8155]" started-at="2023-02-11T13:15:03 MST" name="setUp" finished-at="2023-02-11T13:15:03 MST" duration-ms="7" status="PASS">
          <reporter-output>
          </reporter-output>
        </test-method> <!-- setUp -->
        <test-method signature="postApiTest()[pri:0, instance:test.PostApiTest@2e6a8155]" started-at="2023-02-11T13:15:03 MST" name="postApiTest" finished-at="2023-02-11T13:15:05 MST" duration-ms="1229" status="PASS">
          <reporter-output>
          </reporter-output>
        </test-method> <!-- postApiTest -->
      </class> <!-- test.PostApiTest -->
    </test> <!-- Default test -->
  </suite> <!-- Default suite -->
</testng-results>
